<?xml version="1.0" encoding="UTF-8" ?>
<testsuite tests="7" failures="0" name="com.niit.BackendProject2.UserTest" time="3.935" errors="0" skipped="6">
  <properties>
[...]
</properties>
  <testcase classname="com.niit.BackendProject2.UserTest" name="testUpdateOnlineStatus" time="0.913">
    <skipped/>
    <system-out>Initializing Test Case
----Session Factory Object----
----Creating Transaction Manager----
User Dao : com.niit.BackendProject2.Dao.UserDaoImpl@5dbf5634
</system-out>
    <system-err>Oct 11, 2018 1:41:28 AM org.springframework.context.annotation.AnnotationConfigApplicationContext prepareRefresh
INFO: Refreshing org.springframework.context.annotation.AnnotationConfigApplicationContext@393881f0: startup date [Thu Oct 11 01:41:28 IST 2018]; root of context hierarchy
Oct 11, 2018 1:41:28 AM org.springframework.jdbc.datasource.DriverManagerDataSource setDriverClassName
INFO: Loaded JDBC driver: oracle.jdbc.driver.OracleDriver
Oct 11, 2018 1:41:29 AM org.hibernate.dialect.Dialect &lt;init&gt;
INFO: HHH000400: Using dialect: org.hibernate.dialect.OracleDialect
Oct 11, 2018 1:41:29 AM org.hibernate.dialect.Oracle9Dialect &lt;init&gt;
WARN: HHH000063: The Oracle9Dialect dialect has been deprecated; use either Oracle9iDialect or Oracle10gDialect instead
Oct 11, 2018 1:41:29 AM org.hibernate.dialect.OracleDialect &lt;init&gt;
WARN: HHH000064: The OracleDialect dialect has been deprecated; use Oracle8iDialect instead
Oct 11, 2018 1:41:29 AM org.hibernate.engine.transaction.internal.TransactionFactoryInitiator initiateService
INFO: HHH000399: Using default transaction strategy (direct JDBC transactions)
Oct 11, 2018 1:41:29 AM org.hibernate.hql.internal.ast.ASTQueryTranslatorFactory &lt;init&gt;
INFO: HHH000397: Using ASTQueryTranslatorFactory
Oct 11, 2018 1:41:29 AM org.hibernate.tool.hbm2ddl.SchemaUpdate execute
INFO: HHH000228: Running hbm2ddl schema update
Oct 11, 2018 1:41:29 AM org.hibernate.tool.hbm2ddl.SchemaUpdate execute
INFO: HHH000102: Fetching database metadata
Oct 11, 2018 1:41:29 AM org.hibernate.tool.hbm2ddl.SchemaUpdate execute
INFO: HHH000396: Updating schema
Oct 11, 2018 1:41:29 AM org.hibernate.tool.hbm2ddl.TableMetadata &lt;init&gt;
INFO: HHH000261: Table found: PROJECT2.BLOG
Oct 11, 2018 1:41:29 AM org.hibernate.tool.hbm2ddl.TableMetadata &lt;init&gt;
INFO: HHH000037: Columns: [blogname, blogcontent, loginname, createdate, blogid, likes, status]
Oct 11, 2018 1:41:29 AM org.hibernate.tool.hbm2ddl.TableMetadata &lt;init&gt;
INFO: HHH000108: Foreign keys: []
Oct 11, 2018 1:41:29 AM org.hibernate.tool.hbm2ddl.TableMetadata &lt;init&gt;
INFO: HHH000126: Indexes: [sys_c007120]
Oct 11, 2018 1:41:29 AM org.hibernate.tool.hbm2ddl.TableMetadata &lt;init&gt;
INFO: HHH000261: Table found: PROJECT2.BLOGCOMMENT
Oct 11, 2018 1:41:29 AM org.hibernate.tool.hbm2ddl.TableMetadata &lt;init&gt;
INFO: HHH000037: Columns: [commenttext, commentdate, loginname, commentid, blogid]
Oct 11, 2018 1:41:29 AM org.hibernate.tool.hbm2ddl.TableMetadata &lt;init&gt;
INFO: HHH000108: Foreign keys: []
Oct 11, 2018 1:41:29 AM org.hibernate.tool.hbm2ddl.TableMetadata &lt;init&gt;
INFO: HHH000126: Indexes: [sys_c007125]
Oct 11, 2018 1:41:29 AM org.hibernate.tool.hbm2ddl.TableMetadata &lt;init&gt;
INFO: HHH000261: Table found: PROJECT2.FORUM
Oct 11, 2018 1:41:29 AM org.hibernate.tool.hbm2ddl.TableMetadata &lt;init&gt;
INFO: HHH000037: Columns: [loginname, createdate, forumcontent, forumname, forumid, status]
Oct 11, 2018 1:41:29 AM org.hibernate.tool.hbm2ddl.TableMetadata &lt;init&gt;
INFO: HHH000108: Foreign keys: []
Oct 11, 2018 1:41:29 AM org.hibernate.tool.hbm2ddl.TableMetadata &lt;init&gt;
INFO: HHH000126: Indexes: [sys_c007133]
Oct 11, 2018 1:41:29 AM org.hibernate.tool.hbm2ddl.TableMetadata &lt;init&gt;
INFO: HHH000261: Table found: PROJECT2.FORUMCOMMENT
Oct 11, 2018 1:41:29 AM org.hibernate.tool.hbm2ddl.TableMetadata &lt;init&gt;
INFO: HHH000037: Columns: [commenttext, commentdate, loginname, commentid, forumid]
Oct 11, 2018 1:41:29 AM org.hibernate.tool.hbm2ddl.TableMetadata &lt;init&gt;
INFO: HHH000108: Foreign keys: []
Oct 11, 2018 1:41:29 AM org.hibernate.tool.hbm2ddl.TableMetadata &lt;init&gt;
INFO: HHH000126: Indexes: [sys_c007136]
Oct 11, 2018 1:41:29 AM org.hibernate.tool.hbm2ddl.TableMetadata &lt;init&gt;
INFO: HHH000261: Table found: PROJECT2.USER_TAB
Oct 11, 2018 1:41:29 AM org.hibernate.tool.hbm2ddl.TableMetadata &lt;init&gt;
INFO: HHH000037: Columns: [firstname, password, mobilenumber, role, loginname, onlinestatus, email, lastname]
Oct 11, 2018 1:41:29 AM org.hibernate.tool.hbm2ddl.TableMetadata &lt;init&gt;
INFO: HHH000108: Foreign keys: []
Oct 11, 2018 1:41:29 AM org.hibernate.tool.hbm2ddl.TableMetadata &lt;init&gt;
INFO: HHH000126: Indexes: [sys_c007117]
Oct 11, 2018 1:41:29 AM org.hibernate.tool.hbm2ddl.SchemaUpdate execute
INFO: HHH000232: Schema update complete
Oct 11, 2018 1:41:29 AM org.springframework.orm.hibernate4.HibernateTransactionManager afterPropertiesSet
INFO: Using DataSource [org.springframework.jdbc.datasource.DriverManagerDataSource@4632cfc] of Hibernate SessionFactory for HibernateTransactionManager
</system-err>
  </testcase>
  <testcase classname="com.niit.BackendProject2.UserTest" name="listUsersTest" time="0.913">
    <skipped/>
  </testcase>
  <testcase classname="com.niit.BackendProject2.UserTest" name="getUserTest" time="0.913">
    <skipped/>
  </testcase>
  <testcase classname="com.niit.BackendProject2.UserTest" name="testUpdateUser" time="0.298"/>
  <testcase classname="com.niit.BackendProject2.UserTest" name="checkLoginTest" time="0.298">
    <skipped/>
  </testcase>
  <testcase classname="com.niit.BackendProject2.UserTest" name="testDeleteUser" time="0.3">
    <skipped/>
  </testcase>
  <testcase classname="com.niit.BackendProject2.UserTest" name="registerUserTest" time="0.3">
    <skipped/>
  </testcase>
</testsuite>